0 info it worked if it ends with ok
1 verbose cli [ '/usr/bin/node',
1 verbose cli   '/usr/bin/npm',
1 verbose cli   'version',
1 verbose cli   '0.0.7',
1 verbose cli   '-m',
1 verbose cli   'filter' ]
2 info using npm@3.5.2
3 info using node@v8.10.0
4 info git [ 'status', '--porcelain' ]
5 verbose stack Error: Git working directory not clean.
5 verbose stack M npm-debug.log
5 verbose stack     at /usr/share/npm/lib/version.js:172:21
5 verbose stack     at ChildProcess.exithandler (child_process.js:267:7)
5 verbose stack     at emitTwo (events.js:126:13)
5 verbose stack     at ChildProcess.emit (events.js:214:7)
5 verbose stack     at maybeClose (internal/child_process.js:925:16)
5 verbose stack     at Process.ChildProcess._handle.onexit (internal/child_process.js:209:5)
6 verbose cwd /root/node-red-contrib-odoo-xmlrpc-filters-fileds
7 error Linux 5.3.18-3-pve
8 error argv "/usr/bin/node" "/usr/bin/npm" "version" "0.0.7" "-m" "filter"
9 error node v8.10.0
10 error npm  v3.5.2
11 error Git working directory not clean.
11 error M npm-debug.log
12 error If you need help, you may report this error at:
12 error     <https://github.com/npm/npm/issues>
13 verbose exit [ 1, true ]
